<?xml version="1.0" encoding="UTF-8"?>
<testsuite xmlns:xsi="http://www.w3.org/2001/XMLSchema-instance" xsi:noNamespaceSchemaLocation="https://maven.apache.org/surefire/maven-surefire-plugin/xsd/surefire-test-report-3.0.xsd" version="3.0" name="com.scanner.KeywordPatternTest" time="0.095" tests="14" errors="0" skipped="0" failures="0">
  <properties>
[...]
</properties>
  <testcase name="testPlainTextMatching_NullText" classname="com.scanner.KeywordPatternTest" time="0.0"/>
  <testcase name="testRegexMatching_ComplexPattern" classname="com.scanner.KeywordPatternTest" time="0.001"/>
  <testcase name="testRegexMatching_NoMatch" classname="com.scanner.KeywordPatternTest" time="0.002"/>
  <testcase name="testGetters" classname="com.scanner.KeywordPatternTest" time="0.0"/>
  <testcase name="testRegexMatching_SimplePattern" classname="com.scanner.KeywordPatternTest" time="0.001"/>
  <testcase name="testPlainTextMatching_ExactMatch" classname="com.scanner.KeywordPatternTest" time="0.001"/>
  <testcase name="testRegexMatching_NullText" classname="com.scanner.KeywordPatternTest" time="0.0"/>
  <testcase name="testPlainTextMatching_NoMatch" classname="com.scanner.KeywordPatternTest" time="0.001"/>
  <testcase name="testPlainTextMatching_MultipleScenarios(String, String, boolean)[1]" classname="com.scanner.KeywordPatternTest" time="0.017"/>
  <testcase name="testPlainTextMatching_MultipleScenarios(String, String, boolean)[2]" classname="com.scanner.KeywordPatternTest" time="0.001"/>
  <testcase name="testPlainTextMatching_MultipleScenarios(String, String, boolean)[3]" classname="com.scanner.KeywordPatternTest" time="0.001"/>
  <testcase name="testPlainTextMatching_MultipleScenarios(String, String, boolean)[4]" classname="com.scanner.KeywordPatternTest" time="0.0"/>
  <testcase name="testPlainTextMatching_MultipleScenarios(String, String, boolean)[5]" classname="com.scanner.KeywordPatternTest" time="0.0"/>
  <testcase name="testPlainTextMatching_CaseInsensitive" classname="com.scanner.KeywordPatternTest" time="0.001"/>
</testsuite>