<?xml version="1.0" encoding="UTF-8"?>
<testsuite xmlns:xsi="http://www.w3.org/2001/XMLSchema-instance" xsi:noNamespaceSchemaLocation="https://maven.apache.org/surefire/maven-surefire-plugin/xsd/surefire-test-report-3.0.xsd" version="3.0" name="com.scanner.LogStatementAnalyzerTest" time="0.122" tests="62" errors="0" skipped="0" failures="0">
  <properties>
[...]
</properties>
  <testcase name="testAnalyzeFile_TracksCorrectLineNumbers(Path)" classname="com.scanner.LogStatementAnalyzerTest" time="0.011"/>
  <testcase name="testIsMethodSignature_WithStaticMethod" classname="com.scanner.LogStatementAnalyzerTest" time="0.001"/>
  <testcase name="testIsLogStatement_WithSystemPrintAndWhitespace" classname="com.scanner.LogStatementAnalyzerTest" time="0.0"/>
  <testcase name="testIsLogStatement_WithEmptyLine" classname="com.scanner.LogStatementAnalyzerTest" time="0.0"/>
  <testcase name="testAnalyzeFile_WithBuilderNotUsedInLog(Path)" classname="com.scanner.LogStatementAnalyzerTest" time="0.005"/>
  <testcase name="testIsMethodSignature_WithEmptyLine" classname="com.scanner.LogStatementAnalyzerTest" time="0.0"/>
  <testcase name="testIsLogStatement_WithSystemErrPrint" classname="com.scanner.LogStatementAnalyzerTest" time="0.001"/>
  <testcase name="testIsLogStatement_WithSystemErrPrintln" classname="com.scanner.LogStatementAnalyzerTest" time="0.0"/>
  <testcase name="testIsMethodSignature_WithPrivateMethod" classname="com.scanner.LogStatementAnalyzerTest" time="0.0"/>
  <testcase name="testIsLogStatement_WithSystemOutPrintln" classname="com.scanner.LogStatementAnalyzerTest" time="0.001"/>
  <testcase name="testAnalyzeFile_WithVeryLongMultiLineStatement(Path)" classname="com.scanner.LogStatementAnalyzerTest" time="0.004"/>
  <testcase name="testAnalyzeFile_WithSpecialCharacters(Path)" classname="com.scanner.LogStatementAnalyzerTest" time="0.003"/>
  <testcase name="testExtractCompleteStatement_WithSingleLine" classname="com.scanner.LogStatementAnalyzerTest" time="0.001"/>
  <testcase name="testAnalyzeFile_WithMultipleMultiLineStatements(Path)" classname="com.scanner.LogStatementAnalyzerTest" time="0.004"/>
  <testcase name="testIsLogStatement_WithLowercaseLog" classname="com.scanner.LogStatementAnalyzerTest" time="0.0"/>
  <testcase name="testAnalyzeFile_WithNonExistentFile(Path)" classname="com.scanner.LogStatementAnalyzerTest" time="0.005">
    <system-err><![CDATA[Error reading file DoesNotExist.java: C:\Users\uhase\AppData\Local\Temp\junit9043177243458775214\DoesNotExist.java
]]></system-err>
  </testcase>
  <testcase name="testAnalyzeFile_WithEmptyFile(Path)" classname="com.scanner.LogStatementAnalyzerTest" time="0.001"/>
  <testcase name="testAnalyzeFile_WithMethodParametersContainingSensitiveNames(Path)" classname="com.scanner.LogStatementAnalyzerTest" time="0.004"/>
  <testcase name="testAnalyzeFile_WithMalformedContent(Path)" classname="com.scanner.LogStatementAnalyzerTest" time="0.004"/>
  <testcase name="testTrackStringBuilders_WithChainedAppends" classname="com.scanner.LogStatementAnalyzerTest" time="0.001"/>
  <testcase name="testIsMethodSignature_WithProtectedMethod" classname="com.scanner.LogStatementAnalyzerTest" time="0.001"/>
  <testcase name="testAnalyzeFile_WithEmptyFileContent(Path)" classname="com.scanner.LogStatementAnalyzerTest" time="0.003"/>
  <testcase name="testAnalyzeFile_WithSystemPrintStatements(Path)" classname="com.scanner.LogStatementAnalyzerTest" time="0.004"/>
  <testcase name="testIsMethodSignature_WithInterfaceMethod" classname="com.scanner.LogStatementAnalyzerTest" time="0.001"/>
  <testcase name="testIsLogStatement_WithUppercaseLOG" classname="com.scanner.LogStatementAnalyzerTest" time="0.0"/>
  <testcase name="testTrackStringBuilders_WithStringBuffer" classname="com.scanner.LogStatementAnalyzerTest" time="0.0"/>
  <testcase name="testIsLogStatement_WithSystemErrPrintf" classname="com.scanner.LogStatementAnalyzerTest" time="0.001"/>
  <testcase name="testAnalyzeFile_WithMixedLoggerAndSystemPrint(Path)" classname="com.scanner.LogStatementAnalyzerTest" time="0.004"/>
  <testcase name="testIsLogStatement_WithLoggerDebug" classname="com.scanner.LogStatementAnalyzerTest" time="0.0"/>
  <testcase name="testIsLogStatement_WithLoggerError" classname="com.scanner.LogStatementAnalyzerTest" time="0.0"/>
  <testcase name="testIsLogStatement_WithLoggerFatal" classname="com.scanner.LogStatementAnalyzerTest" time="0.0"/>
  <testcase name="testTrackStringBuilders_WithSimpleBuilder" classname="com.scanner.LogStatementAnalyzerTest" time="0.0"/>
  <testcase name="testIsLogStatement_WithLoggerTrace" classname="com.scanner.LogStatementAnalyzerTest" time="0.0"/>
  <testcase name="testAnalyzeFile_WithMultiLineLogStatement(Path)" classname="com.scanner.LogStatementAnalyzerTest" time="0.002"/>
  <testcase name="testAnalyzeFile_WithOnlyWhitespace(Path)" classname="com.scanner.LogStatementAnalyzerTest" time="0.004"/>
  <testcase name="testTrackStringBuilders_WithMultipleBuilders" classname="com.scanner.LogStatementAnalyzerTest" time="0.001"/>
  <testcase name="testIsMethodSignature_WithVariableDeclaration" classname="com.scanner.LogStatementAnalyzerTest" time="0.0"/>
  <testcase name="testIsMethodSignature_WithWhitespace" classname="com.scanner.LogStatementAnalyzerTest" time="0.0"/>
  <testcase name="testAnalyzeFile_WithMultipleLogStatements(Path)" classname="com.scanner.LogStatementAnalyzerTest" time="0.003"/>
  <testcase name="testIsMethodSignature_WithGenericReturnType" classname="com.scanner.LogStatementAnalyzerTest" time="0.0"/>
  <testcase name="testFindRelatedBuilders_WithNoBuilderUsage" classname="com.scanner.LogStatementAnalyzerTest" time="0.0"/>
  <testcase name="testAnalyzeFile_WithVariousLoggerPatterns(Path)" classname="com.scanner.LogStatementAnalyzerTest" time="0.003"/>
  <testcase name="testIsLogStatement_WithWhitespace" classname="com.scanner.LogStatementAnalyzerTest" time="0.001"/>
  <testcase name="testExtractCompleteStatement_WithMultipleLines" classname="com.scanner.LogStatementAnalyzerTest" time="0.0"/>
  <testcase name="testIsMethodSignature_WithAbstractMethod" classname="com.scanner.LogStatementAnalyzerTest" time="0.0"/>
  <testcase name="testIsLogStatement_WithNonLogStatement" classname="com.scanner.LogStatementAnalyzerTest" time="0.001"/>
  <testcase name="testIsLogStatement_WithLoggerInfo" classname="com.scanner.LogStatementAnalyzerTest" time="0.0"/>
  <testcase name="testIsLogStatement_WithLoggerWarn" classname="com.scanner.LogStatementAnalyzerTest" time="0.0"/>
  <testcase name="testIsLogStatement_WithSystemOutPrint" classname="com.scanner.LogStatementAnalyzerTest" time="0.0"/>
  <testcase name="testAnalyzeFile_WithMultiLineStringBuilder(Path)" classname="com.scanner.LogStatementAnalyzerTest" time="0.006"/>
  <testcase name="testIsMethodSignature_WithLogStatement" classname="com.scanner.LogStatementAnalyzerTest" time="0.001"/>
  <testcase name="testIsMethodSignature_WithPublicMethod" classname="com.scanner.LogStatementAnalyzerTest" time="0.0"/>
  <testcase name="testIsMethodSignature_WithReturnType" classname="com.scanner.LogStatementAnalyzerTest" time="0.0"/>
  <testcase name="testFindRelatedBuilders_WithBuilderUsage" classname="com.scanner.LogStatementAnalyzerTest" time="0.0"/>
  <testcase name="testAnalyzeFile_WithStringBufferAndMethodCalls(Path)" classname="com.scanner.LogStatementAnalyzerTest" time="0.007"/>
  <testcase name="testIsLogStatement_WithSystemOutPrintf" classname="com.scanner.LogStatementAnalyzerTest" time="0.0"/>
  <testcase name="testIsLogStatement_WithUppercaseLOGGER" classname="com.scanner.LogStatementAnalyzerTest" time="0.001"/>
  <testcase name="testAnalyzeFile_WithNoLogStatements(Path)" classname="com.scanner.LogStatementAnalyzerTest" time="0.002"/>
  <testcase name="testAnalyzeFile_FiltersOutMethodSignatures(Path)" classname="com.scanner.LogStatementAnalyzerTest" time="0.003"/>
  <testcase name="testIsMethodSignature_WithNull" classname="com.scanner.LogStatementAnalyzerTest" time="0.0"/>
  <testcase name="testIsLogStatement_WithNull" classname="com.scanner.LogStatementAnalyzerTest" time="0.0"/>
  <testcase name="testIsLogStatement_WithLoggerButNoMethod" classname="com.scanner.LogStatementAnalyzerTest" time="0.0"/>
</testsuite>