<?xml version="1.0" encoding="UTF-8"?>
<testsuite xmlns:xsi="http://www.w3.org/2001/XMLSchema-instance" xsi:noNamespaceSchemaLocation="https://maven.apache.org/surefire/maven-surefire-plugin/xsd/surefire-test-report-3.0.xsd" version="3.0" name="com.scanner.SensitiveDataScannerAppIntegrationTest" time="0.252" tests="20" errors="0" skipped="0" failures="0">
  <properties>
[...]
</properties>
  <testcase name="testExecuteScan_WithStringLiteralFiltering" classname="com.scanner.SensitiveDataScannerAppIntegrationTest" time="0.016">
    <system-out><![CDATA[Loading configuration from: C:\Users\uhase\AppData\Local\Temp\junit15566664321842729308\config.xml
Configuration loaded successfully.
Scanning directory: C:\Users\uhase\AppData\Local\Temp\junit15566664321842729308\src
Found 1 Java files.
Analyzing files for log statements...
Analysis complete. Found 6 detections.
Generating HTML report...
]]></system-out>
  </testcase>
  <testcase name="testExecuteScan_WithInvalidRegexPattern" classname="com.scanner.SensitiveDataScannerAppIntegrationTest" time="0.007">
    <system-out><![CDATA[Loading configuration from: C:\Users\uhase\AppData\Local\Temp\junit2436516677093123053\invalid-regex-config.xml
]]></system-out>
  </testcase>
  <testcase name="testExecuteScan_WithMultipleFiles" classname="com.scanner.SensitiveDataScannerAppIntegrationTest" time="0.013">
    <system-out><![CDATA[Loading configuration from: C:\Users\uhase\AppData\Local\Temp\junit9283633506343105028\config.xml
Configuration loaded successfully.
Scanning directory: C:\Users\uhase\AppData\Local\Temp\junit9283633506343105028\src
Found 2 Java files.
Analyzing files for log statements...
Analysis complete. Found 3 detections.
Generating HTML report...
]]></system-out>
  </testcase>
  <testcase name="testExecuteScan_StatisticsTracking" classname="com.scanner.SensitiveDataScannerAppIntegrationTest" time="0.031">
    <system-out><![CDATA[Loading configuration from: C:\Users\uhase\AppData\Local\Temp\junit4796974657005838046\config.xml
Configuration loaded successfully.
Scanning directory: C:\Users\uhase\AppData\Local\Temp\junit4796974657005838046\src
Found 3 Java files.
Analyzing files for log statements...
Analysis complete. Found 6 detections.
Generating HTML report...
]]></system-out>
  </testcase>
  <testcase name="testExecuteScan_WithSensitiveObjectTypes" classname="com.scanner.SensitiveDataScannerAppIntegrationTest" time="0.011">
    <system-out><![CDATA[Loading configuration from: C:\Users\uhase\AppData\Local\Temp\junit16817050903913207975\config.xml
Configuration loaded successfully.
Scanning directory: C:\Users\uhase\AppData\Local\Temp\junit16817050903913207975\src
Found 1 Java files.
Analyzing files for log statements...
Analysis complete. Found 2 detections.
Generating HTML report...
]]></system-out>
  </testcase>
  <testcase name="testExecuteScan_WithMixedConfiguration" classname="com.scanner.SensitiveDataScannerAppIntegrationTest" time="0.011">
    <system-out><![CDATA[Loading configuration from: C:\Users\uhase\AppData\Local\Temp\junit5939835038675274324\mixed-config.xml
Configuration loaded successfully.
Scanning directory: C:\Users\uhase\AppData\Local\Temp\junit5939835038675274324\src
Found 1 Java files.
Analyzing files for log statements...
Analysis complete. Found 8 detections.
Generating HTML report...
]]></system-out>
  </testcase>
  <testcase name="testExecuteScan_WithNoDetections" classname="com.scanner.SensitiveDataScannerAppIntegrationTest" time="0.009">
    <system-out><![CDATA[Loading configuration from: C:\Users\uhase\AppData\Local\Temp\junit15564268320247307725\config.xml
Configuration loaded successfully.
Scanning directory: C:\Users\uhase\AppData\Local\Temp\junit15564268320247307725\src
Found 1 Java files.
Analyzing files for log statements...
Analysis complete. Found 0 detections.
Generating HTML report...
]]></system-out>
  </testcase>
  <testcase name="testExecuteScan_WithEmptyDirectory" classname="com.scanner.SensitiveDataScannerAppIntegrationTest" time="0.008">
    <system-out><![CDATA[Loading configuration from: C:\Users\uhase\AppData\Local\Temp\junit10679061801535168376\config.xml
Configuration loaded successfully.
Scanning directory: C:\Users\uhase\AppData\Local\Temp\junit10679061801535168376\src
Found 0 Java files.
Analyzing files for log statements...
Analysis complete. Found 0 detections.
Generating HTML report...
]]></system-out>
  </testcase>
  <testcase name="testExecuteScan_WithRegexPatterns" classname="com.scanner.SensitiveDataScannerAppIntegrationTest" time="0.008">
    <system-out><![CDATA[Loading configuration from: C:\Users\uhase\AppData\Local\Temp\junit135927576872719731\config.xml
Configuration loaded successfully.
Scanning directory: C:\Users\uhase\AppData\Local\Temp\junit135927576872719731\src
Found 1 Java files.
Analyzing files for log statements...
Analysis complete. Found 4 detections.
Generating HTML report...
]]></system-out>
  </testcase>
  <testcase name="testExecuteScan_CompleteWorkflow" classname="com.scanner.SensitiveDataScannerAppIntegrationTest" time="0.01">
    <system-out><![CDATA[Loading configuration from: C:\Users\uhase\AppData\Local\Temp\junit13572163886064448413\config.xml
Configuration loaded successfully.
Scanning directory: C:\Users\uhase\AppData\Local\Temp\junit13572163886064448413\src
Found 1 Java files.
Analyzing files for log statements...
Analysis complete. Found 4 detections.
Generating HTML report...
]]></system-out>
  </testcase>
  <testcase name="testExecuteScan_WithComplexSensitivePatterns" classname="com.scanner.SensitiveDataScannerAppIntegrationTest" time="0.01">
    <system-out><![CDATA[Loading configuration from: C:\Users\uhase\AppData\Local\Temp\junit7599010750865549988\config.xml
Configuration loaded successfully.
Scanning directory: C:\Users\uhase\AppData\Local\Temp\junit7599010750865549988\src
Found 1 Java files.
Analyzing files for log statements...
Analysis complete. Found 5 detections.
Generating HTML report...
]]></system-out>
  </testcase>
  <testcase name="testExecuteScan_WithLargeCodebase" classname="com.scanner.SensitiveDataScannerAppIntegrationTest" time="0.029">
    <system-out><![CDATA[Loading configuration from: C:\Users\uhase\AppData\Local\Temp\junit14953776363664920895\config.xml
Configuration loaded successfully.
Scanning directory: C:\Users\uhase\AppData\Local\Temp\junit14953776363664920895\src
Found 10 Java files.
Analyzing files for log statements...
Analysis complete. Found 10 detections.
Generating HTML report...
]]></system-out>
  </testcase>
  <testcase name="testExecuteScan_WithNestedDirectories" classname="com.scanner.SensitiveDataScannerAppIntegrationTest" time="0.013">
    <system-out><![CDATA[Loading configuration from: C:\Users\uhase\AppData\Local\Temp\junit2349563012814730697\config.xml
Configuration loaded successfully.
Scanning directory: C:\Users\uhase\AppData\Local\Temp\junit2349563012814730697\src
Found 1 Java files.
Analyzing files for log statements...
Analysis complete. Found 2 detections.
Generating HTML report...
]]></system-out>
  </testcase>
  <testcase name="testExecuteScan_WithNonJavaFiles" classname="com.scanner.SensitiveDataScannerAppIntegrationTest" time="0.01">
    <system-out><![CDATA[Loading configuration from: C:\Users\uhase\AppData\Local\Temp\junit16587526211219176751\config.xml
Configuration loaded successfully.
Scanning directory: C:\Users\uhase\AppData\Local\Temp\junit16587526211219176751\src
Found 1 Java files.
Analyzing files for log statements...
Analysis complete. Found 2 detections.
Generating HTML report...
]]></system-out>
  </testcase>
  <testcase name="testExecuteScan_WithAllTestResources" classname="com.scanner.SensitiveDataScannerAppIntegrationTest" time="0.013">
    <system-out><![CDATA[Loading configuration from: src\test\resources\valid-config.xml
Configuration loaded successfully.
Scanning directory: src\test\resources
Found 3 Java files.
Analyzing files for log statements...
Analysis complete. Found 48 detections.
Generating HTML report...
]]></system-out>
  </testcase>
  <testcase name="testExecuteScan_WithInvalidConfigFile" classname="com.scanner.SensitiveDataScannerAppIntegrationTest" time="0.005">
    <system-out><![CDATA[Loading configuration from: C:\Users\uhase\AppData\Local\Temp\junit15058640758272444735\invalid-config.xml
]]></system-out>
  </testcase>
  <testcase name="testExecuteScan_WithMalformedXML" classname="com.scanner.SensitiveDataScannerAppIntegrationTest" time="0.006">
    <system-out><![CDATA[Loading configuration from: C:\Users\uhase\AppData\Local\Temp\junit17827116499294233895\malformed-config.xml
]]></system-out>
    <system-err><![CDATA[[Fatal Error] malformed-config.xml:6:14: The end-tag for element type "keyword" must end with a '>' delimiter.
]]></system-err>
  </testcase>
  <testcase name="testExecuteScan_WithInvalidDirectory" classname="com.scanner.SensitiveDataScannerAppIntegrationTest" time="0.005">
    <system-out><![CDATA[Loading configuration from: C:\Users\uhase\AppData\Local\Temp\junit15959002675911223994\config.xml
Configuration loaded successfully.
Scanning directory: C:\Users\uhase\AppData\Local\Temp\junit15959002675911223994\non-existent
]]></system-out>
  </testcase>
  <testcase name="testExecuteScan_WithMethodSignatureFiltering" classname="com.scanner.SensitiveDataScannerAppIntegrationTest" time="0.009">
    <system-out><![CDATA[Loading configuration from: C:\Users\uhase\AppData\Local\Temp\junit7067932651796880065\config.xml
Configuration loaded successfully.
Scanning directory: C:\Users\uhase\AppData\Local\Temp\junit7067932651796880065\src
Found 1 Java files.
Analyzing files for log statements...
Analysis complete. Found 2 detections.
Generating HTML report...
]]></system-out>
  </testcase>
  <testcase name="testExecuteScan_WithEdgeCases" classname="com.scanner.SensitiveDataScannerAppIntegrationTest" time="0.013">
    <system-out><![CDATA[Loading configuration from: C:\Users\uhase\AppData\Local\Temp\junit11849959872140706368\config.xml
Configuration loaded successfully.
Scanning directory: C:\Users\uhase\AppData\Local\Temp\junit11849959872140706368\src
Found 1 Java files.
Analyzing files for log statements...
Analysis complete. Found 4 detections.
Generating HTML report...
]]></system-out>
  </testcase>
</testsuite>